<?xml version="1.0" encoding="UTF-8"?>
<testsuite xmlns:xsi="http://www.w3.org/2001/XMLSchema-instance" xsi:noNamespaceSchemaLocation="https://maven.apache.org/surefire/maven-surefire-plugin/xsd/surefire-test-report-3.0.xsd" version="3.0" name="org.example.DirectorTest" time="0.174" tests="2" errors="0" skipped="0" failures="0">
  <properties>
    <property name="java.specification.version" value="17"/>
    <property name="sun.cpu.isalist" value="amd64"/>
    <property name="sun.jnu.encoding" value="Cp1252"/>
    <property name="java.class.path" value="C:\Users\David Vélez\IdeaProjects\w2d1\target\test-classes;C:\Users\David Vélez\IdeaProjects\w2d1\target\classes;C:\Users\David Vélez\.m2\repository\com\google\code\gson\gson\2.12.1\gson-2.12.1.jar;C:\Users\David Vélez\.m2\repository\com\google\errorprone\error_prone_annotations\2.36.0\error_prone_annotations-2.36.0.jar;C:\Users\David Vélez\.m2\repository\org\junit\jupiter\junit-jupiter\5.12.0-RC2\junit-jupiter-5.12.0-RC2.jar;C:\Users\David Vélez\.m2\repository\org\junit\jupiter\junit-jupiter-api\5.12.0-RC2\junit-jupiter-api-5.12.0-RC2.jar;C:\Users\David Vélez\.m2\repository\org\opentest4j\opentest4j\1.3.0\opentest4j-1.3.0.jar;C:\Users\David Vélez\.m2\repository\org\junit\platform\junit-platform-commons\1.12.0-RC2\junit-platform-commons-1.12.0-RC2.jar;C:\Users\David Vélez\.m2\repository\org\apiguardian\apiguardian-api\1.1.2\apiguardian-api-1.1.2.jar;C:\Users\David Vélez\.m2\repository\org\junit\jupiter\junit-jupiter-params\5.12.0-RC2\junit-jupiter-params-5.12.0-RC2.jar;C:\Users\David Vélez\.m2\repository\org\junit\jupiter\junit-jupiter-engine\5.12.0-RC2\junit-jupiter-engine-5.12.0-RC2.jar;C:\Users\David Vélez\.m2\repository\org\junit\platform\junit-platform-engine\1.12.0-RC2\junit-platform-engine-1.12.0-RC2.jar;"/>
    <property name="java.vm.vendor" value="Amazon.com Inc."/>
    <property name="sun.arch.data.model" value="64"/>
    <property name="user.variant" value=""/>
    <property name="java.vendor.url" value="https://aws.amazon.com/corretto/"/>
    <property name="user.timezone" value="Europe/Madrid"/>
    <property name="os.name" value="Windows 11"/>
    <property name="java.vm.specification.version" value="17"/>
    <property name="sun.java.launcher" value="SUN_STANDARD"/>
    <property name="user.country" value="ES"/>
    <property name="sun.boot.library.path" value="C:\Users\David Vélez\.jdks\corretto-17.0.14\bin"/>
    <property name="sun.java.command" value="C:\Users\David Vélez\AppData\Local\Temp\surefire16707154431327134288\surefirebooter-20250217103616589_3.jar C:\Users\David Vélez\AppData\Local\Temp\surefire16707154431327134288 2025-02-17T10-36-14_234-jvmRun1 surefire-20250217103616589_1tmp surefire_0-20250217103616589_2tmp"/>
    <property name="jdk.debug" value="release"/>
    <property name="surefire.test.class.path" value="C:\Users\David Vélez\IdeaProjects\w2d1\target\test-classes;C:\Users\David Vélez\IdeaProjects\w2d1\target\classes;C:\Users\David Vélez\.m2\repository\com\google\code\gson\gson\2.12.1\gson-2.12.1.jar;C:\Users\David Vélez\.m2\repository\com\google\errorprone\error_prone_annotations\2.36.0\error_prone_annotations-2.36.0.jar;C:\Users\David Vélez\.m2\repository\org\junit\jupiter\junit-jupiter\5.12.0-RC2\junit-jupiter-5.12.0-RC2.jar;C:\Users\David Vélez\.m2\repository\org\junit\jupiter\junit-jupiter-api\5.12.0-RC2\junit-jupiter-api-5.12.0-RC2.jar;C:\Users\David Vélez\.m2\repository\org\opentest4j\opentest4j\1.3.0\opentest4j-1.3.0.jar;C:\Users\David Vélez\.m2\repository\org\junit\platform\junit-platform-commons\1.12.0-RC2\junit-platform-commons-1.12.0-RC2.jar;C:\Users\David Vélez\.m2\repository\org\apiguardian\apiguardian-api\1.1.2\apiguardian-api-1.1.2.jar;C:\Users\David Vélez\.m2\repository\org\junit\jupiter\junit-jupiter-params\5.12.0-RC2\junit-jupiter-params-5.12.0-RC2.jar;C:\Users\David Vélez\.m2\repository\org\junit\jupiter\junit-jupiter-engine\5.12.0-RC2\junit-jupiter-engine-5.12.0-RC2.jar;C:\Users\David Vélez\.m2\repository\org\junit\platform\junit-platform-engine\1.12.0-RC2\junit-platform-engine-1.12.0-RC2.jar;"/>
    <property name="sun.cpu.endian" value="little"/>
    <property name="user.home" value="C:\Users\David Vélez"/>
    <property name="user.language" value="es"/>
    <property name="java.specification.vendor" value="Oracle Corporation"/>
    <property name="java.version.date" value="2025-01-21"/>
    <property name="java.home" value="C:\Users\David Vélez\.jdks\corretto-17.0.14"/>
    <property name="file.separator" value="\"/>
    <property name="basedir" value="C:\Users\David Vélez\IdeaProjects\w2d1"/>
    <property name="java.vm.compressedOopsMode" value="32-bit"/>
    <property name="line.separator" value="&#10;"/>
    <property name="java.vm.specification.vendor" value="Oracle Corporation"/>
    <property name="java.specification.name" value="Java Platform API Specification"/>
    <property name="surefire.real.class.path" value="C:\Users\David Vélez\AppData\Local\Temp\surefire16707154431327134288\surefirebooter-20250217103616589_3.jar"/>
    <property name="user.script" value=""/>
    <property name="sun.management.compiler" value="HotSpot 64-Bit Tiered Compilers"/>
    <property name="java.runtime.version" value="17.0.14+7-LTS"/>
    <property name="user.name" value="David Vélez"/>
    <property name="path.separator" value=";"/>
    <property name="os.version" value="10.0"/>
    <property name="java.runtime.name" value="OpenJDK Runtime Environment"/>
    <property name="file.encoding" value="Cp1252"/>
    <property name="java.vm.name" value="OpenJDK 64-Bit Server VM"/>
    <property name="java.vendor.version" value="Corretto-17.0.14.7.1"/>
    <property name="localRepository" value="C:\Users\David Vélez\.m2\repository"/>
    <property name="java.vendor.url.bug" value="https://github.com/corretto/corretto-17/issues/"/>
    <property name="java.io.tmpdir" value="C:\Users\David Vélez\AppData\Local\Temp\"/>
    <property name="idea.version" value="2024.3.2.2"/>
    <property name="java.version" value="17.0.14"/>
    <property name="user.dir" value="C:\Users\David Vélez\IdeaProjects\w2d1"/>
    <property name="os.arch" value="amd64"/>
    <property name="java.vm.specification.name" value="Java Virtual Machine Specification"/>
    <property name="sun.os.patch.level" value=""/>
    <property name="native.encoding" value="Cp1252"/>
    <property name="java.library.path" value="C:\Users\David Vélez\.jdks\corretto-17.0.14\bin;C:\WINDOWS\Sun\Java\bin;C:\WINDOWS\system32;C:\WINDOWS;C:\Python312\Scripts\;C:\Python312\;C:\Program Files\Common Files\Oracle\Java\javapath;C:\Program Files (x86)\Common Files\Oracle\Java\java8path;C:\Program Files (x86)\Common Files\Oracle\Java\javapath;C:\Python311\Scripts\;C:\Python311\;C:\WINDOWS\system32;C:\WINDOWS;C:\WINDOWS\System32\Wbem;C:\WINDOWS\System32\WindowsPowerShell\v1.0\;C:\WINDOWS\System32\OpenSSH\;C:\ProgramData\ComposerSetup\bin;C:\Program Files (x86)\Yarn\bin\;C:\Program Files\dotnet\;C:\ProgramData\chocolatey\bin;C:\Program Files\AutoFirma\AutoFirma;C:\Program Files\SlikSvn\bin;C:\Program Files\nodejs\;C:\Program Files\Docker\Docker\resources\bin;C:\Program Files\Amazon\AWSCLIV2\;C:\Program Files\Java\jdk-21\bin;C:\Program Files (x86)\Windows Live\Shared;C:\Program Files\Git\cmd;C:\Users\David Vélez\scoop\shims;C:\Users\David Vélez\AppData\Local\Microsoft\WindowsApps;C:\Users\David Vélez\AppData\Roaming\Composer\vendor\bin;C:\Users\David Vélez\AppData\Local\Yarn\bin;C:\Users\David Vélez\AppData\Local\GitHubDesktop\bin;C:\Users\David Vélez\AppData\Local\Microsoft\WindowsApps;C:\wamp332\bin\php\php8.2.13;C:\Users\David Vélez\AppData\Local\Programs\Microsoft VS Code\bin;C:\Program Files\OpenSSL-Win64\bin;C:\Users\David Vélez\AppData\Roaming\npm;C:\Users\David Vélez\AppData\Local\Programs\Windsurf\bin;C:\Program Files\JetBrains\IntelliJ IDEA Community Edition 2024.3.2.2\bin;;."/>
    <property name="java.vm.info" value="mixed mode, sharing"/>
    <property name="java.vendor" value="Amazon.com Inc."/>
    <property name="java.vm.version" value="17.0.14+7-LTS"/>
    <property name="java.specification.maintenance.version" value="1"/>
    <property name="sun.io.unicode.encoding" value="UnicodeLittle"/>
    <property name="java.class.version" value="61.0"/>
  </properties>
  <testcase name="getFullName" classname="org.example.DirectorTest" time="0.079">
    <system-out><![CDATA[BeforeAll is the first executed method
BeforeEach is executed before each test
Fullname: Stanley Kubrick
AfterEach is executed after each test
]]></system-out>
  </testcase>
  <testcase name="getDirectorMoviesSize" classname="org.example.DirectorTest" time="0.009">
    <system-out><![CDATA[BeforeEach is executed before each test
Directed movies size: 2
AfterEach is executed after each test
]]></system-out>
  </testcase>
</testsuite>